DEBUG:root:Document name: fhaskj_fewswv_Протокол_2.docx
INFO:django.utils.autoreload:C:\Users\ASUS\django\diploma\bboard\views.py changed, reloading.
DEBUG:root:Document name: Алия_Нурмаханова_Протокол_2.docx
ERROR:django.request:Internal Server Error: /admin/bboard/students/1/change/
Traceback (most recent call last):
  File "C:\Users\ASUS\AppData\Local\Programs\Python\Python310\lib\site-packages\django\core\handlers\exception.py", line 47, in inner
    response = get_response(request)
  File "C:\Users\ASUS\AppData\Local\Programs\Python\Python310\lib\site-packages\django\core\handlers\base.py", line 181, in _get_response
    response = wrapped_callback(request, *callback_args, **callback_kwargs)
  File "C:\Users\ASUS\AppData\Local\Programs\Python\Python310\lib\site-packages\django\contrib\admin\options.py", line 622, in wrapper
    return self.admin_site.admin_view(view)(*args, **kwargs)
  File "C:\Users\ASUS\AppData\Local\Programs\Python\Python310\lib\site-packages\django\utils\decorators.py", line 130, in _wrapped_view
    response = view_func(request, *args, **kwargs)
  File "C:\Users\ASUS\AppData\Local\Programs\Python\Python310\lib\site-packages\django\views\decorators\cache.py", line 57, in _wrapped_view_func
    response = view_func(request, *args, **kwargs)
  File "C:\Users\ASUS\AppData\Local\Programs\Python\Python310\lib\site-packages\django\contrib\admin\sites.py", line 236, in inner
    return view(request, *args, **kwargs)
  File "C:\Users\ASUS\AppData\Local\Programs\Python\Python310\lib\site-packages\django\contrib\admin\options.py", line 1673, in change_view
    return self.changeform_view(request, object_id, form_url, extra_context)
  File "C:\Users\ASUS\AppData\Local\Programs\Python\Python310\lib\site-packages\django\utils\decorators.py", line 43, in _wrapper
    return bound_method(*args, **kwargs)
  File "C:\Users\ASUS\AppData\Local\Programs\Python\Python310\lib\site-packages\django\utils\decorators.py", line 130, in _wrapped_view
    response = view_func(request, *args, **kwargs)
  File "C:\Users\ASUS\AppData\Local\Programs\Python\Python310\lib\site-packages\django\contrib\admin\options.py", line 1549, in changeform_view
    return self._changeform_view(request, object_id, form_url, extra_context)
  File "C:\Users\ASUS\AppData\Local\Programs\Python\Python310\lib\site-packages\django\contrib\admin\options.py", line 1645, in _changeform_view
    'subtitle': str(obj) if obj else None,
TypeError: __str__ returned non-string (type NoneType)
ERROR:django.request:Internal Server Error: /admin/bboard/students/1/change/
Traceback (most recent call last):
  File "C:\Users\ASUS\AppData\Local\Programs\Python\Python310\lib\site-packages\django\core\handlers\exception.py", line 47, in inner
    response = get_response(request)
  File "C:\Users\ASUS\AppData\Local\Programs\Python\Python310\lib\site-packages\django\core\handlers\base.py", line 181, in _get_response
    response = wrapped_callback(request, *callback_args, **callback_kwargs)
  File "C:\Users\ASUS\AppData\Local\Programs\Python\Python310\lib\site-packages\django\contrib\admin\options.py", line 622, in wrapper
    return self.admin_site.admin_view(view)(*args, **kwargs)
  File "C:\Users\ASUS\AppData\Local\Programs\Python\Python310\lib\site-packages\django\utils\decorators.py", line 130, in _wrapped_view
    response = view_func(request, *args, **kwargs)
  File "C:\Users\ASUS\AppData\Local\Programs\Python\Python310\lib\site-packages\django\views\decorators\cache.py", line 57, in _wrapped_view_func
    response = view_func(request, *args, **kwargs)
  File "C:\Users\ASUS\AppData\Local\Programs\Python\Python310\lib\site-packages\django\contrib\admin\sites.py", line 236, in inner
    return view(request, *args, **kwargs)
  File "C:\Users\ASUS\AppData\Local\Programs\Python\Python310\lib\site-packages\django\contrib\admin\options.py", line 1673, in change_view
    return self.changeform_view(request, object_id, form_url, extra_context)
  File "C:\Users\ASUS\AppData\Local\Programs\Python\Python310\lib\site-packages\django\utils\decorators.py", line 43, in _wrapper
    return bound_method(*args, **kwargs)
  File "C:\Users\ASUS\AppData\Local\Programs\Python\Python310\lib\site-packages\django\utils\decorators.py", line 130, in _wrapped_view
    response = view_func(request, *args, **kwargs)
  File "C:\Users\ASUS\AppData\Local\Programs\Python\Python310\lib\site-packages\django\contrib\admin\options.py", line 1549, in changeform_view
    return self._changeform_view(request, object_id, form_url, extra_context)
  File "C:\Users\ASUS\AppData\Local\Programs\Python\Python310\lib\site-packages\django\contrib\admin\options.py", line 1645, in _changeform_view
    'subtitle': str(obj) if obj else None,
TypeError: __str__ returned non-string (type NoneType)
ERROR:django.request:Internal Server Error: /admin/bboard/students/
Traceback (most recent call last):
  File "C:\Users\ASUS\AppData\Local\Programs\Python\Python310\lib\site-packages\django\core\handlers\exception.py", line 47, in inner
    response = get_response(request)
  File "C:\Users\ASUS\AppData\Local\Programs\Python\Python310\lib\site-packages\django\core\handlers\base.py", line 181, in _get_response
    response = wrapped_callback(request, *callback_args, **callback_kwargs)
  File "C:\Users\ASUS\AppData\Local\Programs\Python\Python310\lib\site-packages\django\contrib\admin\options.py", line 622, in wrapper
    return self.admin_site.admin_view(view)(*args, **kwargs)
  File "C:\Users\ASUS\AppData\Local\Programs\Python\Python310\lib\site-packages\django\utils\decorators.py", line 130, in _wrapped_view
    response = view_func(request, *args, **kwargs)
  File "C:\Users\ASUS\AppData\Local\Programs\Python\Python310\lib\site-packages\django\views\decorators\cache.py", line 57, in _wrapped_view_func
    response = view_func(request, *args, **kwargs)
  File "C:\Users\ASUS\AppData\Local\Programs\Python\Python310\lib\site-packages\django\contrib\admin\sites.py", line 236, in inner
    return view(request, *args, **kwargs)
  File "C:\Users\ASUS\AppData\Local\Programs\Python\Python310\lib\site-packages\django\utils\decorators.py", line 43, in _wrapper
    return bound_method(*args, **kwargs)
  File "C:\Users\ASUS\AppData\Local\Programs\Python\Python310\lib\site-packages\django\utils\decorators.py", line 130, in _wrapped_view
    response = view_func(request, *args, **kwargs)
  File "C:\Users\ASUS\AppData\Local\Programs\Python\Python310\lib\site-packages\django\contrib\admin\options.py", line 1736, in changelist_view
    response = self.response_action(request, queryset=cl.get_queryset(request))
  File "C:\Users\ASUS\AppData\Local\Programs\Python\Python310\lib\site-packages\django\contrib\admin\options.py", line 1417, in response_action
    response = func(self, request, queryset)
  File "C:\Users\ASUS\AppData\Local\Programs\Python\Python310\lib\site-packages\django\contrib\admin\actions.py", line 33, in delete_selected
    deletable_objects, model_count, perms_needed, protected = modeladmin.get_deleted_objects(queryset, request)
  File "C:\Users\ASUS\AppData\Local\Programs\Python\Python310\lib\site-packages\django\contrib\admin\options.py", line 1859, in get_deleted_objects
    return get_deleted_objects(objs, request, self.admin_site)
  File "C:\Users\ASUS\AppData\Local\Programs\Python\Python310\lib\site-packages\django\contrib\admin\utils.py", line 153, in get_deleted_objects
    to_delete = collector.nested(format_callback)
  File "C:\Users\ASUS\AppData\Local\Programs\Python\Python310\lib\site-packages\django\contrib\admin\utils.py", line 215, in nested
    roots.extend(self._nested(root, seen, format_callback))
  File "C:\Users\ASUS\AppData\Local\Programs\Python\Python310\lib\site-packages\django\contrib\admin\utils.py", line 201, in _nested
    ret = [format_callback(obj)]
  File "C:\Users\ASUS\AppData\Local\Programs\Python\Python310\lib\site-packages\django\contrib\admin\utils.py", line 128, in format_callback
    no_edit_link = '%s: %s' % (capfirst(opts.verbose_name), obj)
TypeError: __str__ returned non-string (type NoneType)
ERROR:django.request:Internal Server Error: /admin/bboard/students/1/change/
Traceback (most recent call last):
  File "C:\Users\ASUS\AppData\Local\Programs\Python\Python310\lib\site-packages\django\core\handlers\exception.py", line 47, in inner
    response = get_response(request)
  File "C:\Users\ASUS\AppData\Local\Programs\Python\Python310\lib\site-packages\django\core\handlers\base.py", line 181, in _get_response
    response = wrapped_callback(request, *callback_args, **callback_kwargs)
  File "C:\Users\ASUS\AppData\Local\Programs\Python\Python310\lib\site-packages\django\contrib\admin\options.py", line 622, in wrapper
    return self.admin_site.admin_view(view)(*args, **kwargs)
  File "C:\Users\ASUS\AppData\Local\Programs\Python\Python310\lib\site-packages\django\utils\decorators.py", line 130, in _wrapped_view
    response = view_func(request, *args, **kwargs)
  File "C:\Users\ASUS\AppData\Local\Programs\Python\Python310\lib\site-packages\django\views\decorators\cache.py", line 57, in _wrapped_view_func
    response = view_func(request, *args, **kwargs)
  File "C:\Users\ASUS\AppData\Local\Programs\Python\Python310\lib\site-packages\django\contrib\admin\sites.py", line 236, in inner
    return view(request, *args, **kwargs)
  File "C:\Users\ASUS\AppData\Local\Programs\Python\Python310\lib\site-packages\django\contrib\admin\options.py", line 1673, in change_view
    return self.changeform_view(request, object_id, form_url, extra_context)
  File "C:\Users\ASUS\AppData\Local\Programs\Python\Python310\lib\site-packages\django\utils\decorators.py", line 43, in _wrapper
    return bound_method(*args, **kwargs)
  File "C:\Users\ASUS\AppData\Local\Programs\Python\Python310\lib\site-packages\django\utils\decorators.py", line 130, in _wrapped_view
    response = view_func(request, *args, **kwargs)
  File "C:\Users\ASUS\AppData\Local\Programs\Python\Python310\lib\site-packages\django\contrib\admin\options.py", line 1549, in changeform_view
    return self._changeform_view(request, object_id, form_url, extra_context)
  File "C:\Users\ASUS\AppData\Local\Programs\Python\Python310\lib\site-packages\django\contrib\admin\options.py", line 1645, in _changeform_view
    'subtitle': str(obj) if obj else None,
TypeError: __str__ returned non-string (type NoneType)
WARNING:django.request:Not Found: /accounts/login/
